<?xml version="1.0" encoding="UTF-8"?>
<!-- Generated by org.testng.reporters.JUnitReportReporter -->
<testsuite hostname="DESKTOP-VIK0P6V" failures="0" tests="3" name="helper_Attribute.LearningThreadPoolSize" time="37.496" errors="0" timestamp="2024-07-02T15:04:15 IST" skipped="0">
  <testcase classname="helper_Attribute.LearningThreadPoolSize" name="launch" time="14.129"/>
  <system-out/>
  <testcase classname="helper_Attribute.LearningThreadPoolSize" name="launch" time="11.904"/>
  <system-out/>
  <testcase classname="helper_Attribute.LearningThreadPoolSize" name="launch" time="11.463"/>
  <system-out/>
</testsuite> <!-- helper_Attribute.LearningThreadPoolSize -->
