<?xml version="1.0" encoding="UTF-8"?>
<!-- Generated by org.testng.reporters.JUnitReportReporter -->
<testsuite hostname="DESKTOP-VIK0P6V" failures="0" tests="1" name="scripts_vtiger.Sript_1" time="30.259" errors="0" timestamp="2024-07-05T14:44:30 IST" skipped="0">
  <testcase classname="scripts_vtiger.Sript_1" name="script1" time="30.259"/>
  <system-out/>
</testsuite> <!-- scripts_vtiger.Sript_1 -->
