<?xml version="1.0" encoding="UTF-8"?>
<!-- Generated by org.testng.reporters.JUnitReportReporter -->
<testsuite hostname="DESKTOP-VIK0P6V" failures="0" tests="1" name="scripts_vtiger.Script_3" time="44.695" errors="0" timestamp="2024-07-13T15:53:16 IST" skipped="0">
  <testcase classname="scripts_vtiger.Script_3" name="script3" time="44.695"/>
  <system-out>
    <![CDATA[Test Script Excution Stared
Test Script Passed]]>
  </system-out>
</testsuite> <!-- scripts_vtiger.Script_3 -->
