<?xml version="1.0" encoding="UTF-8"?>
<!-- Generated by org.testng.reporters.JUnitReportReporter -->
<testsuite hostname="DESKTOP-VIK0P6V" failures="0" tests="3" name="helper_Attribute.LearningPriority" time="0.016" errors="0" timestamp="2024-07-02T14:08:24 IST" skipped="0">
  <testcase classname="helper_Attribute.LearningPriority" name="login" time="0.012"/>
  <system-out>
    <![CDATA[user has login]]>
  </system-out>
  <testcase classname="helper_Attribute.LearningPriority" name="addCart" time="0.001"/>
  <system-out>
    <![CDATA[user added a product to cart]]>
  </system-out>
  <testcase classname="helper_Attribute.LearningPriority" name="logout" time="0.003"/>
  <system-out>
    <![CDATA[user has logout]]>
  </system-out>
</testsuite> <!-- helper_Attribute.LearningPriority -->
