<?xml version="1.0" encoding="UTF-8"?>
<!-- Generated by org.testng.reporters.JUnitReportReporter -->
<testsuite hostname="DESKTOP-VIK0P6V" failures="0" tests="7" name="helper_Attribute.LearningInvocationCount" time="18.803" errors="0" timestamp="2024-07-02T14:45:03 IST" skipped="0">
  <testcase classname="helper_Attribute.LearningInvocationCount" name="test" time="0.008"/>
  <system-out>
    <![CDATA[Demo]]>
  </system-out>
  <testcase classname="helper_Attribute.LearningInvocationCount" name="test" time="0.011"/>
  <system-out>
    <![CDATA[Demo]]>
  </system-out>
  <testcase classname="helper_Attribute.LearningInvocationCount" name="lanch" time="5.604"/>
  <system-out/>
  <testcase classname="helper_Attribute.LearningInvocationCount" name="lanch" time="7.214"/>
  <system-out/>
  <testcase classname="helper_Attribute.LearningInvocationCount" name="lanch" time="5.955"/>
  <system-out/>
  <testcase classname="helper_Attribute.LearningInvocationCount" name="demo" time="0.008"/>
  <system-out>
    <![CDATA[testng]]>
  </system-out>
  <testcase classname="helper_Attribute.LearningInvocationCount" name="demo" time="0.003"/>
  <system-out>
    <![CDATA[testng]]>
  </system-out>
</testsuite> <!-- helper_Attribute.LearningInvocationCount -->
