<?xml version="1.0" encoding="UTF-8"?>
<!-- Generated by org.testng.reporters.JUnitReportReporter -->
<testsuite hostname="DESKTOP-VIK0P6V" failures="0" tests="1" name="testNG_topic.Script" time="0.015" errors="0" timestamp="2024-07-02T14:04:40 IST" skipped="0">
  <testcase classname="testNG_topic.Script" name="launch" time="0.015"/>
  <system-out>
    <![CDATA[Testng]]>
  </system-out>
</testsuite> <!-- testNG_topic.Script -->
