<?xml version="1.0" encoding="UTF-8"?>
<!-- Generated by org.testng.reporters.JUnitReportReporter -->
<testsuite hostname="DESKTOP-VIK0P6V" failures="0" tests="1" name="testNG_topic.Demo" time="0.014" errors="0" timestamp="2024-07-01T22:25:07 IST" skipped="0">
  <testcase classname="testNG_topic.Demo" name="launch" time="0.014"/>
  <system-out>
    <![CDATA[TestNG]]>
  </system-out>
</testsuite> <!-- testNG_topic.Demo -->
